<?xml version="1.0" encoding="UTF-8"?>
<!-- Generated by org.testng.reporters.JUnitReportReporter -->
<testsuite hostname="DESKTOP-4F545DN" failures="0" tests="12" name="com.rcb.TestCase.TC02_ValidateWicketKeeper" time="0.026" errors="0" timestamp="2022-07-01T00:04:18 IST" skipped="0">
  <testcase classname="com.rcb.TestCase.TC02_ValidateWicketKeeper" name="noOfWicketKeeper" time="0.001"/>
  <system-out/>
  <testcase classname="com.rcb.TestCase.TC02_ValidateWicketKeeper" name="noOfWicketKeeper" time="0.004"/>
  <system-out/>
  <testcase classname="com.rcb.TestCase.TC02_ValidateWicketKeeper" name="noOfWicketKeeper" time="0.001"/>
  <system-out/>
  <testcase classname="com.rcb.TestCase.TC02_ValidateWicketKeeper" name="noOfWicketKeeper" time="0.003"/>
  <system-out/>
  <testcase classname="com.rcb.TestCase.TC02_ValidateWicketKeeper" name="noOfWicketKeeper" time="0.001"/>
  <system-out/>
  <testcase classname="com.rcb.TestCase.TC02_ValidateWicketKeeper" name="noOfWicketKeeper" time="0.001"/>
  <system-out/>
  <testcase classname="com.rcb.TestCase.TC02_ValidateWicketKeeper" name="noOfWicketKeeper" time="0.001"/>
  <system-out/>
  <testcase classname="com.rcb.TestCase.TC02_ValidateWicketKeeper" name="noOfWicketKeeper" time="0.002"/>
  <system-out/>
  <testcase classname="com.rcb.TestCase.TC02_ValidateWicketKeeper" name="noOfWicketKeeper" time="0.001"/>
  <system-out/>
  <testcase classname="com.rcb.TestCase.TC02_ValidateWicketKeeper" name="noOfWicketKeeper" time="0.001"/>
  <system-out/>
  <testcase classname="com.rcb.TestCase.TC02_ValidateWicketKeeper" name="noOfWicketKeeper" time="0.003"/>
  <system-out/>
  <testcase classname="com.rcb.TestCase.TC02_ValidateWicketKeeper" name="atLeastOneWicketKeeper" time="0.007"/>
  <system-out/>
</testsuite> <!-- com.rcb.TestCase.TC02_ValidateWicketKeeper -->
