<?xml version="1.0" encoding="UTF-8"?>
<!-- Generated by org.testng.reporters.JUnitReportReporter -->
<testsuite hostname="DESKTOP-4F545DN" failures="0" tests="11" name="com.rcbapi.TestCase.TC01_GetAllTeamData" time="0.064" errors="0" timestamp="2022-06-30T19:12:04 IST" skipped="0">
  <testcase classname="com.rcbapi.TestCase.TC01_GetAllTeamData" name="atLeast4Foreigners" time="0.001"/>
  <system-out/>
  <testcase classname="com.rcbapi.TestCase.TC01_GetAllTeamData" name="atLeast4Foreigners" time="0.002"/>
  <system-out/>
  <testcase classname="com.rcbapi.TestCase.TC01_GetAllTeamData" name="atLeast4Foreigners" time="0.007"/>
  <system-out/>
  <testcase classname="com.rcbapi.TestCase.TC01_GetAllTeamData" name="atLeast4Foreigners" time="0.009"/>
  <system-out/>
  <testcase classname="com.rcbapi.TestCase.TC01_GetAllTeamData" name="atLeast4Foreigners" time="0.003"/>
  <system-out/>
  <testcase classname="com.rcbapi.TestCase.TC01_GetAllTeamData" name="atLeast4Foreigners" time="0.004"/>
  <system-out/>
  <testcase classname="com.rcbapi.TestCase.TC01_GetAllTeamData" name="atLeast4Foreigners" time="0.005"/>
  <system-out/>
  <testcase classname="com.rcbapi.TestCase.TC01_GetAllTeamData" name="atLeast4Foreigners" time="0.004"/>
  <system-out/>
  <testcase classname="com.rcbapi.TestCase.TC01_GetAllTeamData" name="atLeast4Foreigners" time="0.006"/>
  <system-out/>
  <testcase classname="com.rcbapi.TestCase.TC01_GetAllTeamData" name="atLeast4Foreigners" time="0.020"/>
  <system-out/>
  <testcase classname="com.rcbapi.TestCase.TC01_GetAllTeamData" name="atLeast4Foreigners" time="0.003"/>
  <system-out/>
</testsuite> <!-- com.rcbapi.TestCase.TC01_GetAllTeamData -->
