<?xml version="1.0" encoding="UTF-8"?>
<!-- Generated by org.testng.reporters.JUnitReportReporter -->
<testsuite hostname="DESKTOP-4F545DN" failures="0" tests="12" name="com.rcb.TestCase.TC01_ValidateForeignPlayers" time="0.050" errors="0" timestamp="2022-07-01T00:04:18 IST" skipped="0">
  <testcase classname="com.rcb.TestCase.TC01_ValidateForeignPlayers" name="ForeignPlayersCount" time="0.003"/>
  <system-out/>
  <testcase classname="com.rcb.TestCase.TC01_ValidateForeignPlayers" name="ForeignPlayersCount" time="0.001"/>
  <system-out/>
  <testcase classname="com.rcb.TestCase.TC01_ValidateForeignPlayers" name="ForeignPlayersCount" time="0.002"/>
  <system-out/>
  <testcase classname="com.rcb.TestCase.TC01_ValidateForeignPlayers" name="ForeignPlayersCount" time="0.006"/>
  <system-out/>
  <testcase classname="com.rcb.TestCase.TC01_ValidateForeignPlayers" name="ForeignPlayersCount" time="0.002"/>
  <system-out/>
  <testcase classname="com.rcb.TestCase.TC01_ValidateForeignPlayers" name="ForeignPlayersCount" time="0.008"/>
  <system-out/>
  <testcase classname="com.rcb.TestCase.TC01_ValidateForeignPlayers" name="ForeignPlayersCount" time="0.002"/>
  <system-out/>
  <testcase classname="com.rcb.TestCase.TC01_ValidateForeignPlayers" name="ForeignPlayersCount" time="0.008"/>
  <system-out/>
  <testcase classname="com.rcb.TestCase.TC01_ValidateForeignPlayers" name="ForeignPlayersCount" time="0.002"/>
  <system-out/>
  <testcase classname="com.rcb.TestCase.TC01_ValidateForeignPlayers" name="ForeignPlayersCount" time="0.005"/>
  <system-out/>
  <testcase classname="com.rcb.TestCase.TC01_ValidateForeignPlayers" name="ForeignPlayersCount" time="0.003"/>
  <system-out/>
  <testcase classname="com.rcb.TestCase.TC01_ValidateForeignPlayers" name="teamHas4ForeignPlayers" time="0.008"/>
  <system-out/>
</testsuite> <!-- com.rcb.TestCase.TC01_ValidateForeignPlayers -->
