<?xml version="1.0" encoding="UTF-8"?>
<!-- Generated by org.testng.reporters.JUnitReportReporter -->
<testsuite hostname="DESKTOP-4F545DN" failures="0" tests="11" name="com.rcb.TestCase.TC01_GetAllTeamData" time="0.055" errors="0" timestamp="2022-06-30T19:27:51 IST" skipped="0">
  <testcase classname="com.rcb.TestCase.TC01_GetAllTeamData" name="atLeast4Foreigners" time="0.005"/>
  <system-out/>
  <testcase classname="com.rcb.TestCase.TC01_GetAllTeamData" name="atLeast4Foreigners" time="0.002"/>
  <system-out/>
  <testcase classname="com.rcb.TestCase.TC01_GetAllTeamData" name="atLeast4Foreigners" time="0.008"/>
  <system-out/>
  <testcase classname="com.rcb.TestCase.TC01_GetAllTeamData" name="atLeast4Foreigners" time="0.006"/>
  <system-out/>
  <testcase classname="com.rcb.TestCase.TC01_GetAllTeamData" name="atLeast4Foreigners" time="0.006"/>
  <system-out/>
  <testcase classname="com.rcb.TestCase.TC01_GetAllTeamData" name="atLeast4Foreigners" time="0.002"/>
  <system-out/>
  <testcase classname="com.rcb.TestCase.TC01_GetAllTeamData" name="atLeast4Foreigners" time="0.003"/>
  <system-out/>
  <testcase classname="com.rcb.TestCase.TC01_GetAllTeamData" name="atLeast4Foreigners" time="0.002"/>
  <system-out/>
  <testcase classname="com.rcb.TestCase.TC01_GetAllTeamData" name="atLeast4Foreigners" time="0.002"/>
  <system-out/>
  <testcase classname="com.rcb.TestCase.TC01_GetAllTeamData" name="atLeast4Foreigners" time="0.017"/>
  <system-out/>
  <testcase classname="com.rcb.TestCase.TC01_GetAllTeamData" name="atLeast4Foreigners" time="0.002"/>
  <system-out/>
</testsuite> <!-- com.rcb.TestCase.TC01_GetAllTeamData -->
